# JRE version: Java(TM) SE Runtime Environment (8.0_77-b03) (build 1.8.0_77-b03)
# Java VM: Java HotSpot(TM) 64-Bit Server VM (25.77-b03 mixed mode windows-amd64 compressed oops)
Heap:
 PSYoungGen      total 67584K, used 57874K [0x00000000eb180000, 0x00000000f1880000, 0x0000000100000000)
  eden space 60928K, 84% used [0x00000000eb180000,0x00000000ee38a998,0x00000000eed00000)
  from space 6656K, 99% used [0x00000000ef900000,0x00000000eff79e70,0x00000000eff80000)
  to   space 12288K, 0% used [0x00000000eed00000,0x00000000eed00000,0x00000000ef900000)
 ParOldGen       total 45568K, used 19573K [0x00000000c1400000, 0x00000000c4080000, 0x00000000eb180000)
  object space 45568K, 42% used [0x00000000c1400000,0x00000000c271d7c0,0x00000000c4080000)
 Metaspace       used 24839K, capacity 25448K, committed 25600K, reserved 1071104K
  class space    used 2917K, capacity 3046K, committed 3072K, reserved 1048576K
GC Heap History (10 events):
Event: 1.874 GC heap before
{Heap before GC invocations=5 (full 0):
 PSYoungGen      total 35328K, used 35320K [0x00000000eb180000, 0x00000000ed680000, 0x0000000100000000)
  eden space 32768K, 100% used [0x00000000eb180000,0x00000000ed180000,0x00000000ed180000)
  from space 2560K, 99% used [0x00000000ed400000,0x00000000ed67e030,0x00000000ed680000)
  to   space 2560K, 0% used [0x00000000ed180000,0x00000000ed180000,0x00000000ed400000)
 ParOldGen       total 44032K, used 7075K [0x00000000c1400000, 0x00000000c3f00000, 0x00000000eb180000)
  object space 44032K, 16% used [0x00000000c1400000,0x00000000c1ae8cb0,0x00000000c3f00000)
 Metaspace       used 15207K, capacity 15534K, committed 15872K, reserved 1062912K
  class space    used 1851K, capacity 1943K, committed 2048K, reserved 1048576K
Event: 1.883 GC heap after
Heap after GC invocations=5 (full 0):
 PSYoungGen      total 35328K, used 2536K [0x00000000eb180000, 0x00000000f0080000, 0x0000000100000000)
  eden space 32768K, 0% used [0x00000000eb180000,0x00000000eb180000,0x00000000ed180000)
  from space 2560K, 99% used [0x00000000ed180000,0x00000000ed3fa020,0x00000000ed400000)
  to   space 7680K, 0% used [0x00000000ef900000,0x00000000ef900000,0x00000000f0080000)
 ParOldGen       total 44032K, used 11179K [0x00000000c1400000, 0x00000000c3f00000, 0x00000000eb180000)
  object space 44032K, 25% used [0x00000000c1400000,0x00000000c1eeafb0,0x00000000c3f00000)
 Metaspace       used 15207K, capacity 15534K, committed 15872K, reserved 1062912K
  class space    used 1851K, capacity 1943K, committed 2048K, reserved 1048576K
}
Event: 2.399 GC heap before
{Heap before GC invocations=6 (full 0):
 PSYoungGen      total 35328K, used 35304K [0x00000000eb180000, 0x00000000f0080000, 0x0000000100000000)
  eden space 32768K, 100% used [0x00000000eb180000,0x00000000ed180000,0x00000000ed180000)
  from space 2560K, 99% used [0x00000000ed180000,0x00000000ed3fa020,0x00000000ed400000)
  to   space 7680K, 0% used [0x00000000ef900000,0x00000000ef900000,0x00000000f0080000)
 ParOldGen       total 44032K, used 11179K [0x00000000c1400000, 0x00000000c3f00000, 0x00000000eb180000)
  object space 44032K, 25% used [0x00000000c1400000,0x00000000c1eeafb0,0x00000000c3f00000)
 Metaspace       used 16162K, capacity 16492K, committed 16640K, reserved 1064960K
  class space    used 1945K, capacity 2048K, committed 2048K, reserved 1048576K
Event: 2.408 GC heap after
Heap after GC invocations=6 (full 0):
 PSYoungGen      total 72192K, used 5004K [0x00000000eb180000, 0x00000000eff80000, 0x0000000100000000)
  eden space 65536K, 0% used [0x00000000eb180000,0x00000000eb180000,0x00000000ef180000)
  from space 6656K, 75% used [0x00000000ef900000,0x00000000efde3010,0x00000000eff80000)
  to   space 7168K, 0% used [0x00000000ef180000,0x00000000ef180000,0x00000000ef880000)
 ParOldGen       total 44032K, used 11187K [0x00000000c1400000, 0x00000000c3f00000, 0x00000000eb180000)
  object space 44032K, 25% used [0x00000000c1400000,0x00000000c1eecfb0,0x00000000c3f00000)
 Metaspace       used 16162K, capacity 16492K, committed 16640K, reserved 1064960K
  class space    used 1945K, capacity 2048K, committed 2048K, reserved 1048576K
}
Event: 3.331 GC heap before
{Heap before GC invocations=7 (full 0):
 PSYoungGen      total 72192K, used 45677K [0x00000000eb180000, 0x00000000eff80000, 0x0000000100000000)
  eden space 65536K, 62% used [0x00000000eb180000,0x00000000ed9385f0,0x00000000ef180000)
  from space 6656K, 75% used [0x00000000ef900000,0x00000000efde3010,0x00000000eff80000)
  to   space 7168K, 0% used [0x00000000ef180000,0x00000000ef180000,0x00000000ef880000)
 ParOldGen       total 44032K, used 11187K [0x00000000c1400000, 0x00000000c3f00000, 0x00000000eb180000)
  object space 44032K, 25% used [0x00000000c1400000,0x00000000c1eecfb0,0x00000000c3f00000)
 Metaspace       used 20804K, capacity 21136K, committed 21296K, reserved 1069056K
  class space    used 2507K, capacity 2640K, committed 2688K, reserved 1048576K
Event: 3.374 GC heap after
Heap after GC invocations=7 (full 0):
 PSYoungGen      total 72704K, used 7165K [0x00000000eb180000, 0x00000000eff80000, 0x0000000100000000)
  eden space 65536K, 0% used [0x00000000eb180000,0x00000000eb180000,0x00000000ef180000)
  from space 7168K, 99% used [0x00000000ef180000,0x00000000ef87f748,0x00000000ef880000)
  to   space 6656K, 0% used [0x00000000ef900000,0x00000000ef900000,0x00000000eff80000)
 ParOldGen       total 44032K, used 12796K [0x00000000c1400000, 0x00000000c3f00000, 0x00000000eb180000)
  object space 44032K, 29% used [0x00000000c1400000,0x00000000c207f0c0,0x00000000c3f00000)
 Metaspace       used 20804K, capacity 21136K, committed 21296K, reserved 1069056K
  class space    used 2507K, capacity 2640K, committed 2688K, reserved 1048576K
}
Event: 3.374 GC heap before
{Heap before GC invocations=8 (full 1):
 PSYoungGen      total 72704K, used 7165K [0x00000000eb180000, 0x00000000eff80000, 0x0000000100000000)
  eden space 65536K, 0% used [0x00000000eb180000,0x00000000eb180000,0x00000000ef180000)
  from space 7168K, 99% used [0x00000000ef180000,0x00000000ef87f748,0x00000000ef880000)
  to   space 6656K, 0% used [0x00000000ef900000,0x00000000ef900000,0x00000000eff80000)
 ParOldGen       total 44032K, used 12796K [0x00000000c1400000, 0x00000000c3f00000, 0x00000000eb180000)
  object space 44032K, 29% used [0x00000000c1400000,0x00000000c207f0c0,0x00000000c3f00000)
 Metaspace       used 20804K, capacity 21136K, committed 21296K, reserved 1069056K
  class space    used 2507K, capacity 2640K, committed 2688K, reserved 1048576K
Event: 3.605 GC heap after
Heap after GC invocations=8 (full 1):
 PSYoungGen      total 72704K, used 0K [0x00000000eb180000, 0x00000000eff80000, 0x0000000100000000)
  eden space 65536K, 0% used [0x00000000eb180000,0x00000000eb180000,0x00000000ef180000)
  from space 7168K, 0% used [0x00000000ef180000,0x00000000ef180000,0x00000000ef880000)
  to   space 6656K, 0% used [0x00000000ef900000,0x00000000ef900000,0x00000000eff80000)
 ParOldGen       total 45568K, used 12042K [0x00000000c1400000, 0x00000000c4080000, 0x00000000eb180000)
  object space 45568K, 26% used [0x00000000c1400000,0x00000000c1fc2910,0x00000000c4080000)
 Metaspace       used 20804K, capacity 21136K, committed 21296K, reserved 1069056K
  class space    used 2507K, capacity 2640K, committed 2688K, reserved 1048576K
}
Event: 4.814 GC heap before
{Heap before GC invocations=9 (full 1):
 PSYoungGen      total 72704K, used 65536K [0x00000000eb180000, 0x00000000eff80000, 0x0000000100000000)
  eden space 65536K, 100% used [0x00000000eb180000,0x00000000ef180000,0x00000000ef180000)
  from space 7168K, 0% used [0x00000000ef180000,0x00000000ef180000,0x00000000ef880000)
  to   space 6656K, 0% used [0x00000000ef900000,0x00000000ef900000,0x00000000eff80000)
 ParOldGen       total 45568K, used 12042K [0x00000000c1400000, 0x00000000c4080000, 0x00000000eb180000)
  object space 45568K, 26% used [0x00000000c1400000,0x00000000c1fc2910,0x00000000c4080000)
 Metaspace       used 22234K, capacity 22558K, committed 22960K, reserved 1069056K
  class space    used 2602K, capacity 2706K, committed 2816K, reserved 1048576K
Event: 4.829 GC heap after
Heap after GC invocations=9 (full 1):
 PSYoungGen      total 67584K, used 6631K [0x00000000eb180000, 0x00000000f1880000, 0x0000000100000000)
  eden space 60928K, 0% used [0x00000000eb180000,0x00000000eb180000,0x00000000eed00000)
  from space 6656K, 99% used [0x00000000ef900000,0x00000000eff79e70,0x00000000eff80000)
  to   space 12288K, 0% used [0x00000000eed00000,0x00000000eed00000,0x00000000ef900000)
 ParOldGen       total 45568K, used 19573K [0x00000000c1400000, 0x00000000c4080000, 0x00000000eb180000)
  object space 45568K, 42% used [0x00000000c1400000,0x00000000c271d7c0,0x00000000c4080000)
 Metaspace       used 22234K, capacity 22558K, committed 22960K, reserved 1069056K
  class space    used 2602K, capacity 2706K, committed 2816K, reserved 1048576K
}

