# JRE version: Java(TM) SE Runtime Environment (8.0_77-b03) (build 1.8.0_77-b03)
# Java VM: Java HotSpot(TM) 64-Bit Server VM (25.77-b03 mixed mode windows-amd64 compressed oops)
Heap:
 PSYoungGen      total 67584K, used 49461K [0x00000000eb180000, 0x00000000f2480000, 0x0000000100000000)
  eden space 60928K, 70% used [0x00000000eb180000,0x00000000edb54240,0x00000000eed00000)
  from space 6656K, 99% used [0x00000000ef900000,0x00000000eff793b8,0x00000000eff80000)
  to   space 12288K, 0% used [0x00000000eed00000,0x00000000eed00000,0x00000000ef900000)
 ParOldGen       total 43520K, used 21003K [0x00000000c1400000, 0x00000000c3e80000, 0x00000000eb180000)
  object space 43520K, 48% used [0x00000000c1400000,0x00000000c2882f20,0x00000000c3e80000)
 Metaspace       used 24595K, capacity 25184K, committed 25344K, reserved 1071104K
  class space    used 2888K, capacity 3046K, committed 3072K, reserved 1048576K
GC Heap History (10 events):
Event: 2.112 GC heap before
{Heap before GC invocations=5 (full 0):
 PSYoungGen      total 35328K, used 35320K [0x00000000eb180000, 0x00000000ed680000, 0x0000000100000000)
  eden space 32768K, 100% used [0x00000000eb180000,0x00000000ed180000,0x00000000ed180000)
  from space 2560K, 99% used [0x00000000ed400000,0x00000000ed67e050,0x00000000ed680000)
  to   space 2560K, 0% used [0x00000000ed180000,0x00000000ed180000,0x00000000ed400000)
 ParOldGen       total 44032K, used 7078K [0x00000000c1400000, 0x00000000c3f00000, 0x00000000eb180000)
  object space 44032K, 16% used [0x00000000c1400000,0x00000000c1ae9ae0,0x00000000c3f00000)
 Metaspace       used 15219K, capacity 15526K, committed 15872K, reserved 1062912K
  class space    used 1854K, capacity 1943K, committed 2048K, reserved 1048576K
Event: 2.127 GC heap after
Heap after GC invocations=5 (full 0):
 PSYoungGen      total 35328K, used 2536K [0x00000000eb180000, 0x00000000f0080000, 0x0000000100000000)
  eden space 32768K, 0% used [0x00000000eb180000,0x00000000eb180000,0x00000000ed180000)
  from space 2560K, 99% used [0x00000000ed180000,0x00000000ed3fa020,0x00000000ed400000)
  to   space 7680K, 0% used [0x00000000ef900000,0x00000000ef900000,0x00000000f0080000)
 ParOldGen       total 44032K, used 11014K [0x00000000c1400000, 0x00000000c3f00000, 0x00000000eb180000)
  object space 44032K, 25% used [0x00000000c1400000,0x00000000c1ec1a48,0x00000000c3f00000)
 Metaspace       used 15219K, capacity 15526K, committed 15872K, reserved 1062912K
  class space    used 1854K, capacity 1943K, committed 2048K, reserved 1048576K
}
Event: 2.773 GC heap before
{Heap before GC invocations=6 (full 0):
 PSYoungGen      total 35328K, used 35304K [0x00000000eb180000, 0x00000000f0080000, 0x0000000100000000)
  eden space 32768K, 100% used [0x00000000eb180000,0x00000000ed180000,0x00000000ed180000)
  from space 2560K, 99% used [0x00000000ed180000,0x00000000ed3fa020,0x00000000ed400000)
  to   space 7680K, 0% used [0x00000000ef900000,0x00000000ef900000,0x00000000f0080000)
 ParOldGen       total 44032K, used 11014K [0x00000000c1400000, 0x00000000c3f00000, 0x00000000eb180000)
  object space 44032K, 25% used [0x00000000c1400000,0x00000000c1ec1a48,0x00000000c3f00000)
 Metaspace       used 16186K, capacity 16548K, committed 16640K, reserved 1064960K
  class space    used 1948K, capacity 2048K, committed 2048K, reserved 1048576K
Event: 2.785 GC heap after
Heap after GC invocations=6 (full 0):
 PSYoungGen      total 72192K, used 5020K [0x00000000eb180000, 0x00000000eff80000, 0x0000000100000000)
  eden space 65536K, 0% used [0x00000000eb180000,0x00000000eb180000,0x00000000ef180000)
  from space 6656K, 75% used [0x00000000ef900000,0x00000000efde7020,0x00000000eff80000)
  to   space 7168K, 0% used [0x00000000ef180000,0x00000000ef180000,0x00000000ef880000)
 ParOldGen       total 44032K, used 11014K [0x00000000c1400000, 0x00000000c3f00000, 0x00000000eb180000)
  object space 44032K, 25% used [0x00000000c1400000,0x00000000c1ec1a48,0x00000000c3f00000)
 Metaspace       used 16186K, capacity 16548K, committed 16640K, reserved 1064960K
  class space    used 1948K, capacity 2048K, committed 2048K, reserved 1048576K
}
Event: 3.992 GC heap before
{Heap before GC invocations=7 (full 0):
 PSYoungGen      total 72192K, used 46703K [0x00000000eb180000, 0x00000000eff80000, 0x0000000100000000)
  eden space 65536K, 63% used [0x00000000eb180000,0x00000000eda34e70,0x00000000ef180000)
  from space 6656K, 75% used [0x00000000ef900000,0x00000000efde7020,0x00000000eff80000)
  to   space 7168K, 0% used [0x00000000ef180000,0x00000000ef180000,0x00000000ef880000)
 ParOldGen       total 44032K, used 11014K [0x00000000c1400000, 0x00000000c3f00000, 0x00000000eb180000)
  object space 44032K, 25% used [0x00000000c1400000,0x00000000c1ec1a48,0x00000000c3f00000)
 Metaspace       used 20811K, capacity 21192K, committed 21296K, reserved 1069056K
  class space    used 2513K, capacity 2640K, committed 2688K, reserved 1048576K
Event: 4.019 GC heap after
Heap after GC invocations=7 (full 0):
 PSYoungGen      total 72704K, used 7143K [0x00000000eb180000, 0x00000000eff80000, 0x0000000100000000)
  eden space 65536K, 0% used [0x00000000eb180000,0x00000000eb180000,0x00000000ef180000)
  from space 7168K, 99% used [0x00000000ef180000,0x00000000ef879d20,0x00000000ef880000)
  to   space 6656K, 0% used [0x00000000ef900000,0x00000000ef900000,0x00000000eff80000)
 ParOldGen       total 44032K, used 12642K [0x00000000c1400000, 0x00000000c3f00000, 0x00000000eb180000)
  object space 44032K, 28% used [0x00000000c1400000,0x00000000c2058ba8,0x00000000c3f00000)
 Metaspace       used 20811K, capacity 21192K, committed 21296K, reserved 1069056K
  class space    used 2513K, capacity 2640K, committed 2688K, reserved 1048576K
}
Event: 4.019 GC heap before
{Heap before GC invocations=8 (full 1):
 PSYoungGen      total 72704K, used 7143K [0x00000000eb180000, 0x00000000eff80000, 0x0000000100000000)
  eden space 65536K, 0% used [0x00000000eb180000,0x00000000eb180000,0x00000000ef180000)
  from space 7168K, 99% used [0x00000000ef180000,0x00000000ef879d20,0x00000000ef880000)
  to   space 6656K, 0% used [0x00000000ef900000,0x00000000ef900000,0x00000000eff80000)
 ParOldGen       total 44032K, used 12642K [0x00000000c1400000, 0x00000000c3f00000, 0x00000000eb180000)
  object space 44032K, 28% used [0x00000000c1400000,0x00000000c2058ba8,0x00000000c3f00000)
 Metaspace       used 20811K, capacity 21192K, committed 21296K, reserved 1069056K
  class space    used 2513K, capacity 2640K, committed 2688K, reserved 1048576K
Event: 4.110 GC heap after
Heap after GC invocations=8 (full 1):
 PSYoungGen      total 72704K, used 0K [0x00000000eb180000, 0x00000000eff80000, 0x0000000100000000)
  eden space 65536K, 0% used [0x00000000eb180000,0x00000000eb180000,0x00000000ef180000)
  from space 7168K, 0% used [0x00000000ef180000,0x00000000ef180000,0x00000000ef880000)
  to   space 6656K, 0% used [0x00000000ef900000,0x00000000ef900000,0x00000000eff80000)
 ParOldGen       total 43520K, used 13422K [0x00000000c1400000, 0x00000000c3e80000, 0x00000000eb180000)
  object space 43520K, 30% used [0x00000000c1400000,0x00000000c211ba40,0x00000000c3e80000)
 Metaspace       used 20811K, capacity 21192K, committed 21296K, reserved 1069056K
  class space    used 2513K, capacity 2640K, committed 2688K, reserved 1048576K
}
Event: 5.261 GC heap before
{Heap before GC invocations=9 (full 1):
 PSYoungGen      total 72704K, used 65536K [0x00000000eb180000, 0x00000000eff80000, 0x0000000100000000)
  eden space 65536K, 100% used [0x00000000eb180000,0x00000000ef180000,0x00000000ef180000)
  from space 7168K, 0% used [0x00000000ef180000,0x00000000ef180000,0x00000000ef880000)
  to   space 6656K, 0% used [0x00000000ef900000,0x00000000ef900000,0x00000000eff80000)
 ParOldGen       total 43520K, used 13422K [0x00000000c1400000, 0x00000000c3e80000, 0x00000000eb180000)
  object space 43520K, 30% used [0x00000000c1400000,0x00000000c211ba40,0x00000000c3e80000)
 Metaspace       used 22340K, capacity 22742K, committed 22960K, reserved 1069056K
  class space    used 2607K, capacity 2706K, committed 2816K, reserved 1048576K
Event: 5.275 GC heap after
Heap after GC invocations=9 (full 1):
 PSYoungGen      total 67584K, used 6628K [0x00000000eb180000, 0x00000000f2480000, 0x0000000100000000)
  eden space 60928K, 0% used [0x00000000eb180000,0x00000000eb180000,0x00000000eed00000)
  from space 6656K, 99% used [0x00000000ef900000,0x00000000eff793b8,0x00000000eff80000)
  to   space 12288K, 0% used [0x00000000eed00000,0x00000000eed00000,0x00000000ef900000)
 ParOldGen       total 43520K, used 21003K [0x00000000c1400000, 0x00000000c3e80000, 0x00000000eb180000)
  object space 43520K, 48% used [0x00000000c1400000,0x00000000c2882f20,0x00000000c3e80000)
 Metaspace       used 22340K, capacity 22742K, committed 22960K, reserved 1069056K
  class space    used 2607K, capacity 2706K, committed 2816K, reserved 1048576K
}

